<html>
<head>
<title>TestNG:  Default test</title>
<link href="../testng.css" rel="stylesheet" type="text/css" />
<link href="../my-testng.css" rel="stylesheet" type="text/css" />

<style type="text/css">
.log { display: none;} 
.stack-trace { display: none;} 
</style>
<script type="text/javascript">
<!--
function flip(e) {
  current = e.style.display;
  if (current == 'block') {
    e.style.display = 'none';
    return 0;
  }
  else {
    e.style.display = 'block';
    return 1;
  }
}

function toggleBox(szDivId, elem, msg1, msg2)
{
  var res = -1;  if (document.getElementById) {
    res = flip(document.getElementById(szDivId));
  }
  else if (document.all) {
    // this is the way old msie versions work
    res = flip(document.all[szDivId]);
  }
  if(elem) {
    if(res == 0) elem.innerHTML = msg1; else elem.innerHTML = msg2;
  }

}

function toggleAllBoxes() {
  if (document.getElementsByTagName) {
    d = document.getElementsByTagName('div');
    for (i = 0; i < d.length; i++) {
      if (d[i].className == 'log') {
        flip(d[i]);
      }
    }
  }
}

// -->
</script>

</head>
<body>
<h2 align='center'>Default test</h2><table border='1' align="center">
<tr>
<td>Tests passed/Failed/Skipped:</td><td>3/0/0</td>
</tr><tr>
<td>Started on:</td><td>Thu Nov 28 16:13:12 IST 2019</td>
</tr>
<tr><td>Total time:</td><td>474 seconds (474509 ms)</td>
</tr><tr>
<td>Included groups:</td><td></td>
</tr><tr>
<td>Excluded groups:</td><td></td>
</tr>
</table><p/>
<small><i>(Hover the method name to see the test class name)</i></small><p/>
<table width='100%' border='1' class='invocation-passed'>
<tr><td colspan='4' align='center'><b>PASSED TESTS</b></td></tr>
<tr><td><b>Test method</b></td>
<td width="30%"><b>Exception</b></td>
<td width="10%"><b>Time (seconds)</b></td>
<td><b>Instance</b></td>
</tr>
<tr>
<td title='com.training.sanity.tests.RealestateComplexTests.RETC_063()'><b>RETC_063</b><br>Test class: com.training.sanity.tests.RealestateComplexTests<br>Parameters: manzoor, manzoor mehadi, manzoor mehadi<br/>
<a href="#Output-1689730682" onClick='toggleBox("Output-1689730682", this, "Show output", "Hide output");'>Show output</a>

<a href="#Output-1689730682" onClick="toggleAllBoxes();">Show all outputs</a>
<div class='log' id="Output-1689730682">
Login screen is displayed.<br/>
Register screen is displayed.<br/>
Email is entered<br/>
First name is entered<br/>
Last name is entered<br/>
Test Failed.. Element not found error:  org.openqa.selenium.NoSuchElementException: no such element: Unable to locate element: {"method":"xpath","selector":"//div[@class='notification success closeable']"}
  (Session info: chrome=78.0.3904.108)
For documentation on this error, please visit: http://seleniumhq.org/exceptions/no_such_element.html
Build info: version: '3.6.0', revision: '6fbf3ec767', time: '2017-09-27T15:28:36.4Z'
System info: host: 'DESKTOP-LC06BTB', ip: '9.199.41.156', os.name: 'Windows 10', os.arch: 'amd64', os.version: '10.0', java.version: '1.8.0_191'
Driver info: org.openqa.selenium.chrome.ChromeDriver
Capabilities [{networkConnectionEnabled=false, chrome={chromedriverVersion=77.0.3865.40 (f484704e052e0b556f8030b65b953dce96503217-refs/branch-heads/3865@{#442}), userDataDir=C:\Users\PRIYAN~1\AppData\Local\Temp\scoped_dir12568_2053120833}, timeouts={implicit=0, pageLoad=300000, script=30000}, pageLoadStrategy=normal, unhandledPromptBehavior=dismiss and notify, strictFileInteractability=false, platform=XP, proxy=Proxy(), goog:chromeOptions={debuggerAddress=localhost:52751}, acceptInsecureCerts=false, browserVersion=78.0.3904.108, browserName=chrome, javascriptEnabled=true, platformName=XP, setWindowRect=true}]
Session ID: e4d3714ede9b2bf7b5c7a08ff6b6788e
*** Element info: {Using=xpath, value=//div[@class='notification success closeable']}<br/>
</div>
</td>
<td></td>
<td>47</td>
<td>com.training.sanity.tests.RealestateComplexTests@39aeed2f</td></tr>
<tr>
<td title='com.training.sanity.tests.RealestateComplexTests.RETC_063()'><b>RETC_063</b><br>Test class: com.training.sanity.tests.RealestateComplexTests<br>Parameters: alex@gmail.com, 76576.0, alex hales<br/>
<a href="#Output-473053293" onClick='toggleBox("Output-473053293", this, "Show output", "Hide output");'>Show output</a>

<a href="#Output-473053293" onClick="toggleAllBoxes();">Show all outputs</a>
<div class='log' id="Output-473053293">
Login screen is displayed.<br/>
Register screen is displayed.<br/>
Email is entered<br/>
First name is entered<br/>
Last name is entered<br/>
Test Failed.. Element not found error:  org.openqa.selenium.NoSuchElementException: no such element: Unable to locate element: {"method":"xpath","selector":"//div[@class='notification success closeable']"}
  (Session info: chrome=78.0.3904.108)
For documentation on this error, please visit: http://seleniumhq.org/exceptions/no_such_element.html
Build info: version: '3.6.0', revision: '6fbf3ec767', time: '2017-09-27T15:28:36.4Z'
System info: host: 'DESKTOP-LC06BTB', ip: '9.199.41.156', os.name: 'Windows 10', os.arch: 'amd64', os.version: '10.0', java.version: '1.8.0_191'
Driver info: org.openqa.selenium.chrome.ChromeDriver
Capabilities [{networkConnectionEnabled=false, chrome={chromedriverVersion=77.0.3865.40 (f484704e052e0b556f8030b65b953dce96503217-refs/branch-heads/3865@{#442}), userDataDir=C:\Users\PRIYAN~1\AppData\Local\Temp\scoped_dir5016_1682456915}, timeouts={implicit=0, pageLoad=300000, script=30000}, pageLoadStrategy=normal, unhandledPromptBehavior=dismiss and notify, strictFileInteractability=false, platform=XP, proxy=Proxy(), goog:chromeOptions={debuggerAddress=localhost:53101}, acceptInsecureCerts=false, browserVersion=78.0.3904.108, browserName=chrome, javascriptEnabled=true, platformName=XP, setWindowRect=true}]
Session ID: 2e50f6300766ebf86964a53a3aff9a3a
*** Element info: {Using=xpath, value=//div[@class='notification success closeable']}<br/>
</div>
</td>
<td></td>
<td>40</td>
<td>com.training.sanity.tests.RealestateComplexTests@39aeed2f</td></tr>
<tr>
<td title='com.training.sanity.tests.RealestateComplexTests.RETC_063()'><b>RETC_063</b><br>Test class: com.training.sanity.tests.RealestateComplexTests<br>Parameters: mariya@gmail.com, mariya, 876876.0<br/>
<a href="#Output-1959239586" onClick='toggleBox("Output-1959239586", this, "Show output", "Hide output");'>Show output</a>

<a href="#Output-1959239586" onClick="toggleAllBoxes();">Show all outputs</a>
<div class='log' id="Output-1959239586">
Login screen is displayed.<br/>
Register screen is displayed.<br/>
Email is entered<br/>
First name is entered<br/>
Last name is entered<br/>
Test Failed.. Element not found error:  org.openqa.selenium.NoSuchElementException: no such element: Unable to locate element: {"method":"xpath","selector":"//div[@class='notification success closeable']"}
  (Session info: chrome=78.0.3904.108)
For documentation on this error, please visit: http://seleniumhq.org/exceptions/no_such_element.html
Build info: version: '3.6.0', revision: '6fbf3ec767', time: '2017-09-27T15:28:36.4Z'
System info: host: 'DESKTOP-LC06BTB', ip: '9.199.41.156', os.name: 'Windows 10', os.arch: 'amd64', os.version: '10.0', java.version: '1.8.0_191'
Driver info: org.openqa.selenium.chrome.ChromeDriver
Capabilities [{networkConnectionEnabled=false, chrome={chromedriverVersion=77.0.3865.40 (f484704e052e0b556f8030b65b953dce96503217-refs/branch-heads/3865@{#442}), userDataDir=C:\Users\PRIYAN~1\AppData\Local\Temp\scoped_dir2652_199802482}, timeouts={implicit=0, pageLoad=300000, script=30000}, pageLoadStrategy=normal, unhandledPromptBehavior=dismiss and notify, strictFileInteractability=false, platform=XP, proxy=Proxy(), goog:chromeOptions={debuggerAddress=localhost:53346}, acceptInsecureCerts=false, browserVersion=78.0.3904.108, browserName=chrome, javascriptEnabled=true, platformName=XP, setWindowRect=true}]
Session ID: 3567cfdeb13041f09cb86326a8436161
*** Element info: {Using=xpath, value=//div[@class='notification success closeable']}<br/>
</div>
</td>
<td></td>
<td>56</td>
<td>com.training.sanity.tests.RealestateComplexTests@39aeed2f</td></tr>
</table><p>
</body>
</html>